<?xml version="1.0" encoding="UTF-8" ?>
<testsuite errors="4" failures="0" hostname="Rachels-MBP-2" name="com.flatironschool.javacs.WikiSearchTest" skipped="0" tests="4" time="0.064" timestamp="2016-07-23T17:21:14">
  <properties>
[...]
</properties>
  <testcase classname="com.flatironschool.javacs.WikiSearchTest" name="testAnd" time="0.009">
    <error type="java.lang.NullPointerException">java.lang.NullPointerException
	at com.flatironschool.javacs.WikiSearchTest.testAnd(WikiSearchTest.java:63)
</error>
  </testcase>
  <testcase classname="com.flatironschool.javacs.WikiSearchTest" name="testMinus" time="0.001">
    <error type="java.lang.NullPointerException">java.lang.NullPointerException
	at com.flatironschool.javacs.WikiSearchTest.testMinus(WikiSearchTest.java:76)
</error>
  </testcase>
  <testcase classname="com.flatironschool.javacs.WikiSearchTest" name="testSort" time="0.002">
    <error type="java.lang.NullPointerException">java.lang.NullPointerException
	at com.flatironschool.javacs.WikiSearchTest.testSort(WikiSearchTest.java:89)
</error>
  </testcase>
  <testcase classname="com.flatironschool.javacs.WikiSearchTest" name="testOr" time="0.001">
    <error type="java.lang.NullPointerException">java.lang.NullPointerException
	at com.flatironschool.javacs.WikiSearchTest.testOr(WikiSearchTest.java:50)
</error>
  </testcase>
  <system-out><![CDATA[]]></system-out>
  <system-err><![CDATA[]]></system-err>
</testsuite>
